[debug] [2023-12-18T12:48:58.517Z] ----------------------------------------------------------------------
[debug] [2023-12-18T12:48:58.519Z] Command:       /usr/local/bin/firebase /Users/aminatadaho/.cache/firebase/tools/lib/node_modules/firebase-tools/lib/bin/firebase init hosting
[debug] [2023-12-18T12:48:58.520Z] CLI Version:   13.0.2
[debug] [2023-12-18T12:48:58.520Z] Platform:      darwin
[debug] [2023-12-18T12:48:58.521Z] Node Version:  v18.5.0
[debug] [2023-12-18T12:48:58.522Z] Time:          Mon Dec 18 2023 12:48:58 GMT+0000 (Greenwich Mean Time)
[debug] [2023-12-18T12:48:58.522Z] ----------------------------------------------------------------------
[debug] 
[debug] [2023-12-18T12:48:58.536Z] > command requires scopes: ["email","openid","https://www.googleapis.com/auth/cloudplatformprojects.readonly","https://www.googleapis.com/auth/firebase","https://www.googleapis.com/auth/cloud-platform"]
[debug] [2023-12-18T12:48:58.537Z] > authorizing via signed-in user (dahokoroh@gmail.com)
[info] 
     ######## #### ########  ######## ########     ###     ######  ########
     ##        ##  ##     ## ##       ##     ##  ##   ##  ##       ##
     ######    ##  ########  ######   ########  #########  ######  ######
     ##        ##  ##    ##  ##       ##     ## ##     ##       ## ##
     ##       #### ##     ## ######## ########  ##     ##  ######  ########

You're about to initialize a Firebase project in this directory:

  /Users/aminatadaho/Documents/Tanga website

[info] 
=== Project Setup
[info] 
[info] First, let's associate this project directory with a Firebase project.
[info] You can create multiple project aliases by running firebase use --add, 
[info] but for now we'll just set up a default project.
[info] 
[debug] [2023-12-18T12:49:01.810Z] > refreshing access token with scopes: []
[debug] [2023-12-18T12:49:01.816Z] >>> [apiv2][query] POST https://www.googleapis.com/oauth2/v3/token [none]
[debug] [2023-12-18T12:49:01.820Z] >>> [apiv2][body] POST https://www.googleapis.com/oauth2/v3/token [omitted]
[debug] [2023-12-18T12:49:02.204Z] <<< [apiv2][status] POST https://www.googleapis.com/oauth2/v3/token 200
[debug] [2023-12-18T12:49:02.208Z] <<< [apiv2][body] POST https://www.googleapis.com/oauth2/v3/token [omitted]
[debug] [2023-12-18T12:49:02.219Z] >>> [apiv2][query] GET https://firebase.googleapis.com/v1beta1/projects pageSize=100
[debug] [2023-12-18T12:49:03.147Z] <<< [apiv2][status] GET https://firebase.googleapis.com/v1beta1/projects 200
[debug] [2023-12-18T12:49:03.147Z] <<< [apiv2][body] GET https://firebase.googleapis.com/v1beta1/projects [omitted]
[info] i  Using project tanga-website (Tanga website) 
[info] 
=== Hosting Setup
[debug] [2023-12-18T12:49:06.943Z] >>> [apiv2][query] GET https://firebase.googleapis.com/v1beta1/projects/tanga-website [none]
[debug] [2023-12-18T12:49:08.146Z] <<< [apiv2][status] GET https://firebase.googleapis.com/v1beta1/projects/tanga-website 200
[debug] [2023-12-18T12:49:08.150Z] <<< [apiv2][body] GET https://firebase.googleapis.com/v1beta1/projects/tanga-website {"projectId":"tanga-website","projectNumber":"1071211120153","displayName":"Tanga website","name":"projects/tanga-website","resources":{"hostingSite":"tanga-website"},"state":"ACTIVE","etag":"1_64b41da3-392f-4407-95fc-f8cae0169742"}
[info] 
[info] Your public directory is the folder (relative to your project directory) that
[info] will contain Hosting assets to be uploaded with firebase deploy. If you
[info] have a build process for your assets, use your build's output directory.
[info] 
[debug] [2023-12-18T12:50:42.366Z] >>> [apiv2][query] GET https://www.gstatic.com/firebasejs/releases.json [none]
[debug] [2023-12-18T12:50:42.696Z] <<< [apiv2][status] GET https://www.gstatic.com/firebasejs/releases.json 200
[debug] [2023-12-18T12:50:42.696Z] <<< [apiv2][body] GET https://www.gstatic.com/firebasejs/releases.json {"current":{"version":"10.7.1","browserURL":"https://www.gstatic.com/firebasejs/10.7.1/firebase.js","packageURL":"https://www.gstatic.com/firebasejs/10.7.1/firebase.tgz"},"live":{"version":"10.7","browserURL":"https://www.gstatic.com/firebasejs/live/10.7/firebase.js","packageURL":"https://www.gstatic.com/firebasejs/live/10.7/firebase.tgz"},"components":{"analytics":"https://www.gstatic.com/firebasejs/10.7.1/firebase-analytics.js","app":"https://www.gstatic.com/firebasejs/10.7.1/firebase-app.js","app-check":"https://www.gstatic.com/firebasejs/10.7.1/firebase-app-check.js","auth":"https://www.gstatic.com/firebasejs/10.7.1/firebase-auth.js","auth/cordova":"https://www.gstatic.com/firebasejs/10.7.1/firebase-auth/cordova.js","functions":"https://www.gstatic.com/firebasejs/10.7.1/firebase-functions.js","firestore":"https://www.gstatic.com/firebasejs/10.7.1/firebase-firestore.js","firestore/lite":"https://www.gstatic.com/firebasejs/10.7.1/firebase-firestore/lite.js","installations":"https://www.gstatic.com/firebasejs/10.7.1/firebase-installations.js","storage":"https://www.gstatic.com/firebasejs/10.7.1/firebase-storage.js","performance":"https://www.gstatic.com/firebasejs/10.7.1/firebase-performance.js","remote-config":"https://www.gstatic.com/firebasejs/10.7.1/firebase-remote-config.js","messaging":"https://www.gstatic.com/firebasejs/10.7.1/firebase-messaging.js","messaging/sw":"https://www.gstatic.com/firebasejs/10.7.1/firebase-messaging/sw.js","database":"https://www.gstatic.com/firebasejs/10.7.1/firebase-database.js","firestore.memory":"https://www.gstatic.com/firebasejs/10.7.1/firebase-firestore.memory.js"}}
[info] ✔  Wrote public/index.html 
[info] 
[info] i  Didn't detect a .git folder. Assuming /Users/aminatadaho/Documents/Tanga website is the project root. 
[info] i  Authorizing with GitHub to upload your service account to a GitHub repository's secrets store. 
[info] 
[info] Visit this URL on this device to log in:
[info] https://github.com/login/oauth/authorize?client_id=89cf50f02ac6aaed3484&state=934742647&redirect_uri=http%3A%2F%2Flocalhost%3A9005&scope=read%3Auser%20repo%20public_repo
[info] 
[info] Waiting for authentication...
[debug] [2023-12-18T12:52:14.289Z] >>> [apiv2][query] POST https://github.com/login/oauth/access_token [none]
[debug] [2023-12-18T12:52:14.291Z] >>> [apiv2][body] POST https://github.com/login/oauth/access_token [stream]
[debug] [2023-12-18T12:52:14.787Z] <<< [apiv2][status] POST https://github.com/login/oauth/access_token 200
[debug] [2023-12-18T12:52:14.788Z] <<< [apiv2][body] POST https://github.com/login/oauth/access_token {"access_token":"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","token_type":"bearer","scope":"read:user,repo"}
[debug] [2023-12-18T12:52:14.804Z] >>> [apiv2][query] GET https://api.github.com/user [none]
[debug] [2023-12-18T12:52:15.271Z] <<< [apiv2][status] GET https://api.github.com/user 200
[debug] [2023-12-18T12:52:15.272Z] <<< [apiv2][body] GET https://api.github.com/user {"login":"amydaho","id":38196429,"node_id":"MDQ6VXNlcjM4MTk2NDI5","avatar_url":"https://avatars.githubusercontent.com/u/38196429?v=4","gravatar_id":"","url":"https://api.github.com/users/amydaho","html_url":"https://github.com/amydaho","followers_url":"https://api.github.com/users/amydaho/followers","following_url":"https://api.github.com/users/amydaho/following{/other_user}","gists_url":"https://api.github.com/users/amydaho/gists{/gist_id}","starred_url":"https://api.github.com/users/amydaho/starred{/owner}{/repo}","subscriptions_url":"https://api.github.com/users/amydaho/subscriptions","organizations_url":"https://api.github.com/users/amydaho/orgs","repos_url":"https://api.github.com/users/amydaho/repos","events_url":"https://api.github.com/users/amydaho/events{/privacy}","received_events_url":"https://api.github.com/users/amydaho/received_events","type":"User","site_admin":false,"name":null,"company":null,"blog":"","location":null,"email":null,"hireable":null,"bio":null,"twitter_username":null,"public_repos":7,"public_gists":0,"followers":0,"following":0,"created_at":"2018-04-09T01:29:38Z","updated_at":"2023-03-08T11:07:39Z","private_gists":1,"total_private_repos":4,"owned_private_repos":4,"disk_usage":18529,"collaborators":0,"two_factor_authentication":false,"plan":{"name":"free","space":976562499,"collaborators":0,"private_repos":10000}}
[info] 
[info] ✔  Success! Logged into GitHub as amydaho 
[info] 
